TN:
SF:src\modules\appointments\services\CreateAppointmentService.ts
FN:55,Object.<anonymous>
FN:55,Object.<anonymous>.__decorate
FN:55,Object.<anonymous>.__metadata
FN:55,Object.<anonymous>.__param
FN:55,Object.<anonymous>.__awaiter
FN:55,adopt
FN:55,fulfilled
FN:55,rejected
FN:55,step
FN:55,Object.<anonymous>.__generator
FN:55,sent
FN:55,g.<computed>
FN:55,verb
FN:55,step
FN:55,Object.<anonymous>.__importDefault
FN:16,CreateAppointmentService
FN:21,Object.<anonymous>.CreateAppointmentService.execute
FNF:17
FNH:15
FNDA:1,Object.<anonymous>
FNDA:1,Object.<anonymous>.__decorate
FNDA:1,Object.<anonymous>.__metadata
FNDA:1,Object.<anonymous>.__param
FNDA:7,Object.<anonymous>.__awaiter
FNDA:5,adopt
FNDA:5,fulfilled
FNDA:0,rejected
FNDA:7,step
FNDA:7,Object.<anonymous>.__generator
FNDA:5,sent
FNDA:0,g.<computed>
FNDA:21,verb
FNDA:12,step
FNDA:1,Object.<anonymous>.__importDefault
FNDA:5,CreateAppointmentService
FNDA:7,Object.<anonymous>.CreateAppointmentService.execute
DA:1,1
DA:2,1
DA:3,1
DA:4,1
DA:5,1
DA:6,1
DA:7,1
DA:8,1
DA:9,1
DA:10,1
DA:11,1
DA:12,1
DA:13,1
DA:14,1
DA:15,1
DA:16,1
DA:17,5
DA:18,5
DA:19,5
DA:20,1
DA:21,1
DA:22,7
DA:23,7
DA:24,7
DA:25,7
DA:26,2
DA:27,2
DA:28,5
DA:29,7
DA:30,1
DA:31,1
DA:32,4
DA:33,7
DA:34,1
DA:35,1
DA:36,3
DA:37,3
DA:38,3
DA:39,3
DA:40,7
DA:41,7
DA:42,1
DA:43,1
DA:44,2
DA:45,2
DA:46,2
DA:47,2
DA:48,2
DA:49,2
DA:50,7
DA:51,7
DA:52,7
DA:53,1
DA:54,1
DA:55,1
LF:55
LH:55
BRDA:55,0,0,1
BRDA:55,1,0,1
BRDA:55,2,0,1
BRDA:55,3,0,0
BRDA:55,4,0,0
BRDA:55,5,0,0
BRDA:55,6,0,0
BRDA:55,7,0,1
BRDA:55,8,0,1
BRDA:55,9,0,1
BRDA:55,10,0,7
BRDA:55,11,0,5
BRDA:55,12,0,0
BRDA:55,13,0,7
BRDA:55,14,0,5
BRDA:55,15,0,4
BRDA:55,16,0,1
BRDA:55,17,0,7
BRDA:55,18,0,2
BRDA:55,19,0,5
BRDA:55,20,0,7
BRDA:55,21,0,5
BRDA:55,22,0,0
BRDA:55,23,0,21
BRDA:55,24,0,12
BRDA:55,25,0,12
BRDA:55,26,0,0
BRDA:55,27,0,24
BRDA:55,28,0,0
BRDA:55,29,0,0
BRDA:55,30,0,0
BRDA:55,31,0,0
BRDA:55,32,0,12
BRDA:55,33,0,12
BRDA:55,34,0,5
BRDA:55,35,0,0
BRDA:55,36,0,0
BRDA:55,37,0,7
BRDA:55,38,0,0
BRDA:55,39,0,2
BRDA:55,40,0,0
BRDA:55,41,0,0
BRDA:55,42,0,0
BRDA:55,43,0,0
BRDA:55,44,0,12
BRDA:55,45,0,7
BRDA:55,46,0,5
BRDA:55,47,0,12
BRDA:55,48,0,7
BRDA:55,49,0,5
BRDA:55,50,0,2
BRDA:55,51,0,0
BRDA:55,52,0,1
BRDA:55,53,0,0
BRDA:15,54,0,1
BRDA:16,55,0,5
BRDA:21,56,0,7
BRDA:55,57,0,7
BRDA:55,58,0,12
BRDA:55,59,0,7
BRDA:25,60,0,2
BRDA:27,61,0,5
BRDA:29,62,0,1
BRDA:31,63,0,4
BRDA:33,64,0,1
BRDA:35,65,0,3
BRDA:55,66,0,3
BRDA:41,67,0,1
BRDA:43,68,0,2
BRDA:55,69,0,2
BRF:70
BRH:50
end_of_record
TN:
SF:src\modules\appointments\services\ListProviderDayAvailabilityService.ts
FN:59,Object.<anonymous>
FN:59,Object.<anonymous>.__decorate
FN:59,Object.<anonymous>.__metadata
FN:59,Object.<anonymous>.__param
FN:59,Object.<anonymous>.__awaiter
FN:59,adopt
FN:59,fulfilled
FN:59,rejected
FN:59,step
FN:59,Object.<anonymous>.__generator
FN:59,sent
FN:59,g.<computed>
FN:59,verb
FN:59,step
FN:20,ListProviderDayAvailabilityService
FN:25,Object.<anonymous>.ListProviderDayAvailabilityService.execute
FNF:16
FNH:14
FNDA:1,Object.<anonymous>
FNDA:1,Object.<anonymous>.__decorate
FNDA:1,Object.<anonymous>.__metadata
FNDA:1,Object.<anonymous>.__param
FNDA:1,Object.<anonymous>.__awaiter
FNDA:1,adopt
FNDA:1,fulfilled
FNDA:0,rejected
FNDA:2,step
FNDA:1,Object.<anonymous>.__generator
FNDA:1,sent
FNDA:0,g.<computed>
FNDA:3,verb
FNDA:2,step
FNDA:1,ListProviderDayAvailabilityService
FNDA:1,Object.<anonymous>.ListProviderDayAvailabilityService.execute
DA:1,1
DA:2,1
DA:3,1
DA:4,1
DA:5,1
DA:6,1
DA:7,1
DA:8,1
DA:9,1
DA:10,1
DA:11,1
DA:12,1
DA:13,1
DA:14,1
DA:15,1
DA:16,1
DA:17,1
DA:18,1
DA:19,1
DA:20,1
DA:21,1
DA:22,1
DA:23,1
DA:24,1
DA:25,1
DA:26,1
DA:27,1
DA:28,1
DA:29,1
DA:30,1
DA:31,1
DA:32,1
DA:33,1
DA:34,1
DA:35,1
DA:36,1
DA:37,1
DA:38,1
DA:39,1
DA:40,1
DA:41,1
DA:42,1
DA:43,10
DA:44,10
DA:45,10
DA:46,10
DA:47,10
DA:48,10
DA:49,10
DA:50,10
DA:51,10
DA:52,10
DA:53,1
DA:54,1
DA:55,1
DA:56,1
DA:57,1
DA:58,1
DA:59,1
LF:59
LH:59
BRDA:59,0,0,1
BRDA:59,1,0,1
BRDA:59,2,0,1
BRDA:59,3,0,0
BRDA:59,4,0,0
BRDA:59,5,0,0
BRDA:59,6,0,0
BRDA:59,7,0,1
BRDA:59,8,0,1
BRDA:59,9,0,1
BRDA:59,10,0,1
BRDA:59,11,0,1
BRDA:59,12,0,0
BRDA:59,13,0,1
BRDA:59,14,0,1
BRDA:59,15,0,0
BRDA:59,16,0,2
BRDA:59,17,0,1
BRDA:59,18,0,1
BRDA:59,19,0,1
BRDA:59,20,0,1
BRDA:59,21,0,0
BRDA:59,22,0,3
BRDA:59,23,0,2
BRDA:59,24,0,2
BRDA:59,25,0,0
BRDA:59,26,0,4
BRDA:59,27,0,0
BRDA:59,28,0,0
BRDA:59,29,0,0
BRDA:59,30,0,0
BRDA:59,31,0,2
BRDA:59,32,0,2
BRDA:59,33,0,1
BRDA:59,34,0,0
BRDA:59,35,0,0
BRDA:59,36,0,1
BRDA:59,37,0,0
BRDA:59,38,0,0
BRDA:59,39,0,0
BRDA:59,40,0,0
BRDA:59,41,0,0
BRDA:59,42,0,2
BRDA:59,43,0,0
BRDA:59,44,0,2
BRDA:59,45,0,1
BRDA:59,46,0,0
BRDA:59,47,0,1
BRDA:59,48,0,0
BRDA:19,49,0,1
BRDA:20,50,0,1
BRDA:25,51,0,1
BRDA:59,52,0,1
BRDA:59,53,0,2
BRDA:26,54,0,1
BRDA:59,55,0,1
BRDA:37,56,0,10
BRDA:42,57,0,10
BRDA:51,58,0,8
BRDA:44,59,0,19
BRF:60
BRH:38
end_of_record
TN:
SF:src\modules\appointments\services\ListProviderMonthAvailabilityService.ts
FN:53,Object.<anonymous>
FN:53,Object.<anonymous>.__decorate
FN:53,Object.<anonymous>.__metadata
FN:53,Object.<anonymous>.__param
FN:53,Object.<anonymous>.__awaiter
FN:53,adopt
FN:53,fulfilled
FN:53,rejected
FN:53,step
FN:53,Object.<anonymous>.__generator
FN:53,sent
FN:53,g.<computed>
FN:53,verb
FN:53,step
FN:19,ListProviderMonthAvailabilityService
FN:24,Object.<anonymous>.ListProviderMonthAvailabilityService.execute
FNF:16
FNH:14
FNDA:1,Object.<anonymous>
FNDA:1,Object.<anonymous>.__decorate
FNDA:1,Object.<anonymous>.__metadata
FNDA:1,Object.<anonymous>.__param
FNDA:1,Object.<anonymous>.__awaiter
FNDA:1,adopt
FNDA:1,fulfilled
FNDA:0,rejected
FNDA:2,step
FNDA:1,Object.<anonymous>.__generator
FNDA:1,sent
FNDA:0,g.<computed>
FNDA:3,verb
FNDA:2,step
FNDA:1,ListProviderMonthAvailabilityService
FNDA:1,Object.<anonymous>.ListProviderMonthAvailabilityService.execute
DA:1,1
DA:2,1
DA:3,1
DA:4,1
DA:5,1
DA:6,1
DA:7,1
DA:8,1
DA:9,1
DA:10,1
DA:11,1
DA:12,1
DA:13,1
DA:14,1
DA:15,1
DA:16,1
DA:17,1
DA:18,1
DA:19,1
DA:20,1
DA:21,1
DA:22,1
DA:23,1
DA:24,1
DA:25,1
DA:26,1
DA:27,1
DA:28,1
DA:29,1
DA:30,1
DA:31,1
DA:32,1
DA:33,1
DA:34,1
DA:35,1
DA:36,1
DA:37,1
DA:38,1
DA:39,31
DA:40,341
DA:41,31
DA:42,31
DA:43,31
DA:44,31
DA:45,31
DA:46,31
DA:47,1
DA:48,1
DA:49,1
DA:50,1
DA:51,1
DA:52,1
DA:53,1
LF:53
LH:53
BRDA:53,0,0,1
BRDA:53,1,0,1
BRDA:53,2,0,1
BRDA:53,3,0,0
BRDA:53,4,0,0
BRDA:53,5,0,0
BRDA:53,6,0,0
BRDA:53,7,0,1
BRDA:53,8,0,1
BRDA:53,9,0,1
BRDA:53,10,0,1
BRDA:53,11,0,1
BRDA:53,12,0,0
BRDA:53,13,0,1
BRDA:53,14,0,1
BRDA:53,15,0,0
BRDA:53,16,0,2
BRDA:53,17,0,1
BRDA:53,18,0,1
BRDA:53,19,0,1
BRDA:53,20,0,1
BRDA:53,21,0,0
BRDA:53,22,0,3
BRDA:53,23,0,2
BRDA:53,24,0,2
BRDA:53,25,0,0
BRDA:53,26,0,4
BRDA:53,27,0,0
BRDA:53,28,0,0
BRDA:53,29,0,0
BRDA:53,30,0,0
BRDA:53,31,0,2
BRDA:53,32,0,2
BRDA:53,33,0,1
BRDA:53,34,0,0
BRDA:53,35,0,0
BRDA:53,36,0,1
BRDA:53,37,0,0
BRDA:53,38,0,0
BRDA:53,39,0,0
BRDA:53,40,0,0
BRDA:53,41,0,0
BRDA:53,42,0,2
BRDA:53,43,0,0
BRDA:53,44,0,2
BRDA:53,45,0,1
BRDA:53,46,0,0
BRDA:53,47,0,1
BRDA:53,48,0,0
BRDA:18,49,0,1
BRDA:19,50,0,1
BRDA:24,51,0,1
BRDA:53,52,0,1
BRDA:53,53,0,2
BRDA:25,54,0,1
BRDA:53,55,0,1
BRDA:35,56,0,31
BRDA:38,57,0,31
BRDA:39,58,0,341
BRF:59
BRH:37
end_of_record
TN:
SF:src\modules\appointments\services\ListProvidersService.ts
FN:27,Object.<anonymous>
FN:27,Object.<anonymous>.__decorate
FN:27,Object.<anonymous>.__metadata
FN:27,Object.<anonymous>.__param
FN:27,Object.<anonymous>.__awaiter
FN:27,adopt
FN:27,fulfilled
FN:27,rejected
FN:27,step
FN:27,Object.<anonymous>.__generator
FN:27,sent
FN:27,g.<computed>
FN:27,verb
FN:27,step
FN:13,ListProvidersService
FN:18,Object.<anonymous>.ListProvidersService.execute
FNF:16
FNH:14
FNDA:1,Object.<anonymous>
FNDA:1,Object.<anonymous>.__decorate
FNDA:1,Object.<anonymous>.__metadata
FNDA:1,Object.<anonymous>.__param
FNDA:1,Object.<anonymous>.__awaiter
FNDA:1,adopt
FNDA:1,fulfilled
FNDA:0,rejected
FNDA:2,step
FNDA:1,Object.<anonymous>.__generator
FNDA:1,sent
FNDA:0,g.<computed>
FNDA:3,verb
FNDA:2,step
FNDA:1,ListProvidersService
FNDA:1,Object.<anonymous>.ListProvidersService.execute
DA:1,1
DA:2,1
DA:3,1
DA:4,1
DA:5,1
DA:6,1
DA:7,1
DA:8,1
DA:9,1
DA:10,1
DA:11,1
DA:12,1
DA:13,1
DA:14,1
DA:15,1
DA:16,1
DA:17,1
DA:18,1
DA:19,1
DA:20,1
DA:21,1
DA:22,1
DA:23,1
DA:24,1
DA:25,1
DA:26,1
DA:27,1
LF:27
LH:27
BRDA:27,0,0,1
BRDA:27,1,0,1
BRDA:27,2,0,1
BRDA:27,3,0,0
BRDA:27,4,0,0
BRDA:27,5,0,0
BRDA:27,6,0,0
BRDA:27,7,0,1
BRDA:27,8,0,1
BRDA:27,9,0,1
BRDA:27,10,0,1
BRDA:27,11,0,1
BRDA:27,12,0,0
BRDA:27,13,0,1
BRDA:27,14,0,1
BRDA:27,15,0,0
BRDA:27,16,0,2
BRDA:27,17,0,1
BRDA:27,18,0,1
BRDA:27,19,0,1
BRDA:27,20,0,1
BRDA:27,21,0,0
BRDA:27,22,0,3
BRDA:27,23,0,2
BRDA:27,24,0,2
BRDA:27,25,0,0
BRDA:27,26,0,4
BRDA:27,27,0,0
BRDA:27,28,0,0
BRDA:27,29,0,0
BRDA:27,30,0,0
BRDA:27,31,0,2
BRDA:27,32,0,2
BRDA:27,33,0,1
BRDA:27,34,0,0
BRDA:27,35,0,0
BRDA:27,36,0,1
BRDA:27,37,0,0
BRDA:27,38,0,0
BRDA:27,39,0,0
BRDA:27,40,0,0
BRDA:27,41,0,0
BRDA:27,42,0,2
BRDA:27,43,0,0
BRDA:27,44,0,2
BRDA:27,45,0,1
BRDA:27,46,0,0
BRDA:27,47,0,1
BRDA:27,48,0,0
BRDA:12,49,0,1
BRDA:13,50,0,1
BRDA:18,51,0,1
BRDA:27,52,0,1
BRDA:27,53,0,2
BRDA:19,54,0,1
BRDA:27,55,0,1
BRF:56
BRH:34
end_of_record
TN:
SF:src\modules\users\services\AuthenticateUserService.ts
FN:58,Object.<anonymous>
FN:58,Object.<anonymous>.__decorate
FN:58,Object.<anonymous>.__metadata
FN:58,Object.<anonymous>.__param
FN:58,Object.<anonymous>.__awaiter
FN:58,adopt
FN:58,fulfilled
FN:58,rejected
FN:58,step
FN:58,Object.<anonymous>.__generator
FN:58,sent
FN:58,g.<computed>
FN:58,verb
FN:58,step
FN:58,Object.<anonymous>.__importDefault
FN:23,AuthenticateUserService
FN:31,Object.<anonymous>.AuthenticateUserService.execute
FNF:17
FNH:15
FNDA:1,Object.<anonymous>
FNDA:1,Object.<anonymous>.__decorate
FNDA:1,Object.<anonymous>.__metadata
FNDA:2,Object.<anonymous>.__param
FNDA:3,Object.<anonymous>.__awaiter
FNDA:5,adopt
FNDA:5,fulfilled
FNDA:0,rejected
FNDA:6,step
FNDA:3,Object.<anonymous>.__generator
FNDA:5,sent
FNDA:0,g.<computed>
FNDA:9,verb
FNDA:8,step
FNDA:2,Object.<anonymous>.__importDefault
FNDA:3,AuthenticateUserService
FNDA:3,Object.<anonymous>.AuthenticateUserService.execute
DA:1,1
DA:2,1
DA:3,1
DA:4,1
DA:5,1
DA:6,1
DA:7,1
DA:8,1
DA:9,1
DA:10,1
DA:11,1
DA:12,1
DA:13,1
DA:14,1
DA:15,1
DA:16,1
DA:17,1
DA:18,1
DA:19,1
DA:20,1
DA:21,1
DA:22,1
DA:23,1
DA:24,3
DA:25,3
DA:26,3
DA:27,3
DA:28,3
DA:29,3
DA:30,1
DA:31,1
DA:32,3
DA:33,3
DA:34,3
DA:35,3
DA:36,1
DA:37,1
DA:38,2
DA:39,2
DA:40,3
DA:41,3
DA:42,1
DA:43,1
DA:44,1
DA:45,1
DA:46,1
DA:47,1
DA:48,1
DA:49,1
DA:50,1
DA:51,1
DA:52,1
DA:53,1
DA:54,1
DA:55,3
DA:56,1
DA:57,1
DA:58,1
LF:58
LH:58
BRDA:58,0,0,1
BRDA:58,1,0,1
BRDA:58,2,0,1
BRDA:58,3,0,0
BRDA:58,4,0,0
BRDA:58,5,0,0
BRDA:58,6,0,0
BRDA:58,7,0,1
BRDA:58,8,0,2
BRDA:58,9,0,2
BRDA:58,10,0,3
BRDA:58,11,0,5
BRDA:58,12,0,0
BRDA:58,13,0,3
BRDA:58,14,0,5
BRDA:58,15,0,3
BRDA:58,16,0,2
BRDA:58,17,0,6
BRDA:58,18,0,1
BRDA:58,19,0,5
BRDA:58,20,0,3
BRDA:58,21,0,5
BRDA:58,22,0,0
BRDA:58,23,0,9
BRDA:58,24,0,8
BRDA:58,25,0,8
BRDA:58,26,0,0
BRDA:58,27,0,16
BRDA:58,28,0,0
BRDA:58,29,0,0
BRDA:58,30,0,0
BRDA:58,31,0,0
BRDA:58,32,0,8
BRDA:58,33,0,8
BRDA:58,34,0,5
BRDA:58,35,0,0
BRDA:58,36,0,0
BRDA:58,37,0,3
BRDA:58,38,0,0
BRDA:58,39,0,1
BRDA:58,40,0,0
BRDA:58,41,0,0
BRDA:58,42,0,0
BRDA:58,43,0,0
BRDA:58,44,0,8
BRDA:58,45,0,6
BRDA:58,46,0,2
BRDA:58,47,0,8
BRDA:58,48,0,3
BRDA:58,49,0,2
BRDA:58,50,0,1
BRDA:58,51,0,0
BRDA:58,52,0,2
BRDA:58,53,0,0
BRDA:22,54,0,1
BRDA:23,55,0,3
BRDA:31,56,0,3
BRDA:58,57,0,3
BRDA:58,58,0,8
BRDA:33,59,0,3
BRDA:58,60,0,3
BRDA:35,61,0,1
BRDA:37,62,0,2
BRDA:58,63,0,2
BRDA:41,64,0,1
BRF:65
BRH:45
end_of_record
TN:
SF:src\modules\users\services\CreateUserService.ts
FN:44,Object.<anonymous>
FN:44,Object.<anonymous>.__decorate
FN:44,Object.<anonymous>.__metadata
FN:44,Object.<anonymous>.__param
FN:44,Object.<anonymous>.__awaiter
FN:44,adopt
FN:44,fulfilled
FN:44,rejected
FN:44,step
FN:44,Object.<anonymous>.__generator
FN:44,sent
FN:44,g.<computed>
FN:44,verb
FN:44,step
FN:44,Object.<anonymous>.__importDefault
FN:17,CreateUserService
FN:25,Object.<anonymous>.CreateUserService.execute
FNF:17
FNH:15
FNDA:2,Object.<anonymous>
FNDA:2,Object.<anonymous>.__decorate
FNDA:2,Object.<anonymous>.__metadata
FNDA:4,Object.<anonymous>.__param
FNDA:5,Object.<anonymous>.__awaiter
FNDA:13,adopt
FNDA:13,fulfilled
FNDA:0,rejected
FNDA:17,step
FNDA:5,Object.<anonymous>.__generator
FNDA:13,sent
FNDA:0,g.<computed>
FNDA:15,verb
FNDA:18,step
FNDA:2,Object.<anonymous>.__importDefault
FNDA:5,CreateUserService
FNDA:5,Object.<anonymous>.CreateUserService.execute
DA:1,1
DA:2,1
DA:3,1
DA:4,1
DA:5,1
DA:6,1
DA:7,1
DA:8,1
DA:9,1
DA:10,1
DA:11,1
DA:12,1
DA:13,1
DA:14,1
DA:15,1
DA:16,2
DA:17,2
DA:18,5
DA:19,5
DA:20,5
DA:21,5
DA:22,5
DA:23,5
DA:24,2
DA:25,2
DA:26,5
DA:27,5
DA:28,5
DA:29,1
DA:30,1
DA:31,4
DA:32,4
DA:33,5
DA:34,5
DA:35,5
DA:36,5
DA:37,5
DA:38,5
DA:39,5
DA:40,5
DA:41,5
DA:42,2
DA:43,1
DA:44,1
LF:44
LH:44
BRDA:44,0,0,2
BRDA:44,1,0,2
BRDA:44,2,0,2
BRDA:44,3,0,0
BRDA:44,4,0,0
BRDA:44,5,0,0
BRDA:44,6,0,0
BRDA:44,7,0,2
BRDA:44,8,0,4
BRDA:44,9,0,4
BRDA:44,10,0,5
BRDA:44,11,0,13
BRDA:44,12,0,0
BRDA:44,13,0,5
BRDA:44,14,0,13
BRDA:44,15,0,12
BRDA:44,16,0,1
BRDA:44,17,0,17
BRDA:44,18,0,4
BRDA:44,19,0,13
BRDA:44,20,0,5
BRDA:44,21,0,13
BRDA:44,22,0,0
BRDA:44,23,0,15
BRDA:44,24,0,18
BRDA:44,25,0,18
BRDA:44,26,0,0
BRDA:44,27,0,36
BRDA:44,28,0,0
BRDA:44,29,0,0
BRDA:44,30,0,0
BRDA:44,31,0,0
BRDA:44,32,0,18
BRDA:44,33,0,18
BRDA:44,34,0,13
BRDA:44,35,0,0
BRDA:44,36,0,0
BRDA:44,37,0,5
BRDA:44,38,0,0
BRDA:44,39,0,4
BRDA:44,40,0,0
BRDA:44,41,0,0
BRDA:44,42,0,0
BRDA:44,43,0,0
BRDA:44,44,0,28
BRDA:44,45,0,18
BRDA:44,46,0,17
BRDA:44,47,0,1
BRDA:44,48,0,18
BRDA:44,49,0,5
BRDA:44,50,0,1
BRDA:44,51,0,4
BRDA:44,52,0,0
BRDA:44,53,0,2
BRDA:44,54,0,0
BRDA:16,55,0,2
BRDA:17,56,0,5
BRDA:25,57,0,5
BRDA:44,58,0,5
BRDA:44,59,0,18
BRDA:26,60,0,5
BRDA:44,61,0,5
BRDA:28,62,0,1
BRDA:30,63,0,4
BRDA:44,64,0,4
BRDA:44,65,0,4
BRF:66
BRH:46
end_of_record
TN:
SF:src\modules\users\services\ResetPasswordService.ts
FN:53,Object.<anonymous>
FN:53,Object.<anonymous>.__decorate
FN:53,Object.<anonymous>.__metadata
FN:53,Object.<anonymous>.__param
FN:53,Object.<anonymous>.__awaiter
FN:53,adopt
FN:53,fulfilled
FN:53,rejected
FN:53,step
FN:53,Object.<anonymous>.__generator
FN:53,sent
FN:53,g.<computed>
FN:53,verb
FN:53,step
FN:53,Object.<anonymous>.__importDefault
FN:16,ResetPasswordService
FN:27,Object.<anonymous>.ResetPasswordService.execute
FNF:17
FNH:15
FNDA:1,Object.<anonymous>
FNDA:1,Object.<anonymous>.__decorate
FNDA:1,Object.<anonymous>.__metadata
FNDA:3,Object.<anonymous>.__param
FNDA:4,Object.<anonymous>.__awaiter
FNDA:9,adopt
FNDA:9,fulfilled
FNDA:0,rejected
FNDA:10,step
FNDA:4,Object.<anonymous>.__generator
FNDA:9,sent
FNDA:0,g.<computed>
FNDA:12,verb
FNDA:13,step
FNDA:1,Object.<anonymous>.__importDefault
FNDA:4,ResetPasswordService
FNDA:4,Object.<anonymous>.ResetPasswordService.execute
DA:1,1
DA:2,1
DA:3,1
DA:4,1
DA:5,1
DA:6,1
DA:7,1
DA:8,1
DA:9,1
DA:10,1
DA:11,1
DA:12,1
DA:13,1
DA:14,1
DA:15,1
DA:16,1
DA:17,4
DA:18,4
DA:19,4
DA:20,4
DA:21,4
DA:22,4
DA:23,4
DA:24,4
DA:25,4
DA:26,1
DA:27,1
DA:28,4
DA:29,4
DA:30,4
DA:31,1
DA:32,1
DA:33,3
DA:34,3
DA:35,4
DA:36,4
DA:37,1
DA:38,1
DA:39,2
DA:40,2
DA:41,2
DA:42,2
DA:43,4
DA:44,1
DA:45,1
DA:46,1
DA:47,1
DA:48,4
DA:49,4
DA:50,4
DA:51,1
DA:52,1
DA:53,1
LF:53
LH:53
BRDA:53,0,0,1
BRDA:53,1,0,1
BRDA:53,2,0,1
BRDA:53,3,0,0
BRDA:53,4,0,0
BRDA:53,5,0,0
BRDA:53,6,0,0
BRDA:53,7,0,1
BRDA:53,8,0,3
BRDA:53,9,0,3
BRDA:53,10,0,4
BRDA:53,11,0,9
BRDA:53,12,0,0
BRDA:53,13,0,4
BRDA:53,14,0,9
BRDA:53,15,0,6
BRDA:53,16,0,3
BRDA:53,17,0,10
BRDA:53,18,0,1
BRDA:53,19,0,9
BRDA:53,20,0,4
BRDA:53,21,0,9
BRDA:53,22,0,0
BRDA:53,23,0,12
BRDA:53,24,0,13
BRDA:53,25,0,13
BRDA:53,26,0,0
BRDA:53,27,0,26
BRDA:53,28,0,0
BRDA:53,29,0,0
BRDA:53,30,0,0
BRDA:53,31,0,0
BRDA:53,32,0,13
BRDA:53,33,0,13
BRDA:53,34,0,9
BRDA:53,35,0,0
BRDA:53,36,0,0
BRDA:53,37,0,4
BRDA:53,38,0,0
BRDA:53,39,0,1
BRDA:53,40,0,0
BRDA:53,41,0,0
BRDA:53,42,0,0
BRDA:53,43,0,0
BRDA:53,44,0,13
BRDA:53,45,0,10
BRDA:53,46,0,3
BRDA:53,47,0,13
BRDA:53,48,0,4
BRDA:53,49,0,3
BRDA:53,50,0,1
BRDA:53,51,0,0
BRDA:53,52,0,1
BRDA:53,53,0,0
BRDA:15,54,0,1
BRDA:16,55,0,4
BRDA:27,56,0,4
BRDA:53,57,0,4
BRDA:53,58,0,13
BRDA:28,59,0,4
BRDA:53,60,0,4
BRDA:30,61,0,1
BRDA:32,62,0,3
BRDA:53,63,0,3
BRDA:36,64,0,1
BRDA:38,65,0,2
BRDA:43,66,0,1
BRDA:53,67,0,1
BRDA:53,68,0,1
BRF:69
BRH:49
end_of_record
TN:
SF:src\modules\users\services\SendForgotPasswordEmailService.ts
FN:60,Object.<anonymous>
FN:60,Object.<anonymous>.__decorate
FN:60,Object.<anonymous>.__metadata
FN:60,Object.<anonymous>.__param
FN:60,Object.<anonymous>.__awaiter
FN:60,adopt
FN:60,fulfilled
FN:60,rejected
FN:60,step
FN:60,Object.<anonymous>.__generator
FN:60,sent
FN:60,g.<computed>
FN:60,verb
FN:60,step
FN:60,Object.<anonymous>.__importDefault
FN:15,SendForgotPasswordEmailService
FN:27,Object.<anonymous>.SendForgotPasswordEmailService.execute
FNF:17
FNH:15
FNDA:1,Object.<anonymous>
FNDA:1,Object.<anonymous>.__decorate
FNDA:1,Object.<anonymous>.__metadata
FNDA:3,Object.<anonymous>.__param
FNDA:3,Object.<anonymous>.__awaiter
FNDA:7,adopt
FNDA:7,fulfilled
FNDA:0,rejected
FNDA:9,step
FNDA:3,Object.<anonymous>.__generator
FNDA:7,sent
FNDA:0,g.<computed>
FNDA:9,verb
FNDA:10,step
FNDA:2,Object.<anonymous>.__importDefault
FNDA:3,SendForgotPasswordEmailService
FNDA:3,Object.<anonymous>.SendForgotPasswordEmailService.execute
DA:1,1
DA:2,1
DA:3,1
DA:4,1
DA:5,1
DA:6,1
DA:7,1
DA:8,1
DA:9,1
DA:10,1
DA:11,1
DA:12,1
DA:13,1
DA:14,1
DA:15,1
DA:16,3
DA:17,3
DA:18,3
DA:19,3
DA:20,3
DA:21,3
DA:22,3
DA:23,3
DA:24,3
DA:25,3
DA:26,1
DA:27,1
DA:28,3
DA:29,3
DA:30,3
DA:31,1
DA:32,1
DA:33,2
DA:34,2
DA:35,3
DA:36,3
DA:37,3
DA:38,3
DA:39,3
DA:40,3
DA:41,3
DA:42,3
DA:43,3
DA:44,3
DA:45,3
DA:46,3
DA:47,3
DA:48,3
DA:49,3
DA:50,3
DA:51,3
DA:52,3
DA:53,3
DA:54,3
DA:55,3
DA:56,3
DA:57,3
DA:58,1
DA:59,1
DA:60,1
LF:60
LH:60
BRDA:60,0,0,1
BRDA:60,1,0,1
BRDA:60,2,0,1
BRDA:60,3,0,0
BRDA:60,4,0,0
BRDA:60,5,0,0
BRDA:60,6,0,0
BRDA:60,7,0,1
BRDA:60,8,0,3
BRDA:60,9,0,3
BRDA:60,10,0,3
BRDA:60,11,0,7
BRDA:60,12,0,0
BRDA:60,13,0,3
BRDA:60,14,0,7
BRDA:60,15,0,6
BRDA:60,16,0,1
BRDA:60,17,0,9
BRDA:60,18,0,2
BRDA:60,19,0,7
BRDA:60,20,0,3
BRDA:60,21,0,7
BRDA:60,22,0,0
BRDA:60,23,0,9
BRDA:60,24,0,10
BRDA:60,25,0,10
BRDA:60,26,0,0
BRDA:60,27,0,20
BRDA:60,28,0,0
BRDA:60,29,0,0
BRDA:60,30,0,0
BRDA:60,31,0,0
BRDA:60,32,0,10
BRDA:60,33,0,10
BRDA:60,34,0,7
BRDA:60,35,0,0
BRDA:60,36,0,0
BRDA:60,37,0,3
BRDA:60,38,0,0
BRDA:60,39,0,2
BRDA:60,40,0,0
BRDA:60,41,0,0
BRDA:60,42,0,0
BRDA:60,43,0,0
BRDA:60,44,0,10
BRDA:60,45,0,9
BRDA:60,46,0,1
BRDA:60,47,0,10
BRDA:60,48,0,3
BRDA:60,49,0,1
BRDA:60,50,0,2
BRDA:60,51,0,0
BRDA:60,52,0,2
BRDA:60,53,0,1
BRDA:60,54,0,1
BRDA:14,55,0,1
BRDA:15,56,0,3
BRDA:27,57,0,3
BRDA:60,58,0,3
BRDA:60,59,0,10
BRDA:28,60,0,3
BRDA:60,61,0,3
BRDA:30,62,0,1
BRDA:32,63,0,2
BRDA:60,64,0,2
BRDA:60,65,0,2
BRF:66
BRH:47
end_of_record
TN:
SF:src\modules\users\services\ShowProfileService.ts
FN:30,Object.<anonymous>
FN:30,Object.<anonymous>.__decorate
FN:30,Object.<anonymous>.__metadata
FN:30,Object.<anonymous>.__param
FN:30,Object.<anonymous>.__awaiter
FN:30,adopt
FN:30,fulfilled
FN:30,rejected
FN:30,step
FN:30,Object.<anonymous>.__generator
FN:30,sent
FN:30,g.<computed>
FN:30,verb
FN:30,step
FN:30,Object.<anonymous>.__importDefault
FN:14,ShowProfileService
FN:19,Object.<anonymous>.ShowProfileService.execute
FNF:17
FNH:15
FNDA:1,Object.<anonymous>
FNDA:1,Object.<anonymous>.__decorate
FNDA:1,Object.<anonymous>.__metadata
FNDA:1,Object.<anonymous>.__param
FNDA:2,Object.<anonymous>.__awaiter
FNDA:2,adopt
FNDA:2,fulfilled
FNDA:0,rejected
FNDA:3,step
FNDA:2,Object.<anonymous>.__generator
FNDA:2,sent
FNDA:0,g.<computed>
FNDA:6,verb
FNDA:4,step
FNDA:1,Object.<anonymous>.__importDefault
FNDA:2,ShowProfileService
FNDA:2,Object.<anonymous>.ShowProfileService.execute
DA:1,1
DA:2,1
DA:3,1
DA:4,1
DA:5,1
DA:6,1
DA:7,1
DA:8,1
DA:9,1
DA:10,1
DA:11,1
DA:12,1
DA:13,1
DA:14,1
DA:15,2
DA:16,2
DA:17,2
DA:18,1
DA:19,1
DA:20,2
DA:21,2
DA:22,2
DA:23,1
DA:24,1
DA:25,1
DA:26,1
DA:27,2
DA:28,1
DA:29,1
DA:30,1
LF:30
LH:30
BRDA:30,0,0,1
BRDA:30,1,0,1
BRDA:30,2,0,1
BRDA:30,3,0,0
BRDA:30,4,0,0
BRDA:30,5,0,0
BRDA:30,6,0,0
BRDA:30,7,0,1
BRDA:30,8,0,1
BRDA:30,9,0,1
BRDA:30,10,0,2
BRDA:30,11,0,2
BRDA:30,12,0,0
BRDA:30,13,0,2
BRDA:30,14,0,2
BRDA:30,15,0,1
BRDA:30,16,0,3
BRDA:30,17,0,1
BRDA:30,18,0,2
BRDA:30,19,0,2
BRDA:30,20,0,2
BRDA:30,21,0,0
BRDA:30,22,0,6
BRDA:30,23,0,4
BRDA:30,24,0,4
BRDA:30,25,0,0
BRDA:30,26,0,8
BRDA:30,27,0,0
BRDA:30,28,0,0
BRDA:30,29,0,0
BRDA:30,30,0,0
BRDA:30,31,0,4
BRDA:30,32,0,4
BRDA:30,33,0,2
BRDA:30,34,0,0
BRDA:30,35,0,0
BRDA:30,36,0,2
BRDA:30,37,0,0
BRDA:30,38,0,1
BRDA:30,39,0,0
BRDA:30,40,0,0
BRDA:30,41,0,0
BRDA:30,42,0,0
BRDA:30,43,0,4
BRDA:30,44,0,3
BRDA:30,45,0,1
BRDA:30,46,0,4
BRDA:30,47,0,2
BRDA:30,48,0,1
BRDA:30,49,0,0
BRDA:30,50,0,1
BRDA:30,51,0,0
BRDA:13,52,0,1
BRDA:14,53,0,2
BRDA:19,54,0,2
BRDA:30,55,0,2
BRDA:30,56,0,4
BRDA:20,57,0,2
BRDA:30,58,0,2
BRDA:22,59,0,1
BRF:60
BRH:40
end_of_record
TN:
SF:src\modules\users\services\UpdateProfileService.ts
FN:64,Object.<anonymous>
FN:64,Object.<anonymous>.__decorate
FN:64,Object.<anonymous>.__metadata
FN:64,Object.<anonymous>.__param
FN:64,Object.<anonymous>.__awaiter
FN:64,adopt
FN:64,fulfilled
FN:64,rejected
FN:64,step
FN:64,Object.<anonymous>.__generator
FN:64,sent
FN:64,g.<computed>
FN:64,verb
FN:64,step
FN:64,Object.<anonymous>.__importDefault
FN:19,UpdateProfileService
FN:27,Object.<anonymous>.UpdateProfileService.execute
FNF:17
FNH:15
FNDA:1,Object.<anonymous>
FNDA:1,Object.<anonymous>.__decorate
FNDA:1,Object.<anonymous>.__metadata
FNDA:2,Object.<anonymous>.__param
FNDA:6,Object.<anonymous>.__awaiter
FNDA:14,adopt
FNDA:14,fulfilled
FNDA:0,rejected
FNDA:16,step
FNDA:6,Object.<anonymous>.__generator
FNDA:14,sent
FNDA:0,g.<computed>
FNDA:18,verb
FNDA:20,step
FNDA:1,Object.<anonymous>.__importDefault
FNDA:6,UpdateProfileService
FNDA:6,Object.<anonymous>.UpdateProfileService.execute
DA:1,1
DA:2,1
DA:3,1
DA:4,1
DA:5,1
DA:6,1
DA:7,1
DA:8,1
DA:9,1
DA:10,1
DA:11,1
DA:12,1
DA:13,1
DA:14,1
DA:15,1
DA:16,1
DA:17,1
DA:18,1
DA:19,1
DA:20,6
DA:21,6
DA:22,6
DA:23,6
DA:24,6
DA:25,6
DA:26,1
DA:27,1
DA:28,6
DA:29,6
DA:30,6
DA:31,1
DA:32,1
DA:33,5
DA:34,5
DA:35,6
DA:36,6
DA:37,1
DA:38,1
DA:39,4
DA:40,4
DA:41,4
DA:42,4
DA:43,6
DA:44,1
DA:45,1
DA:46,3
DA:47,6
DA:48,2
DA:49,2
DA:50,2
DA:51,2
DA:52,6
DA:53,6
DA:54,1
DA:55,1
DA:56,1
DA:57,1
DA:58,6
DA:59,6
DA:60,6
DA:61,6
DA:62,1
DA:63,1
DA:64,1
LF:64
LH:64
BRDA:64,0,0,1
BRDA:64,1,0,1
BRDA:64,2,0,1
BRDA:64,3,0,0
BRDA:64,4,0,0
BRDA:64,5,0,0
BRDA:64,6,0,0
BRDA:64,7,0,1
BRDA:64,8,0,2
BRDA:64,9,0,2
BRDA:64,10,0,6
BRDA:64,11,0,14
BRDA:64,12,0,0
BRDA:64,13,0,6
BRDA:64,14,0,14
BRDA:64,15,0,10
BRDA:64,16,0,4
BRDA:64,17,0,16
BRDA:64,18,0,2
BRDA:64,19,0,14
BRDA:64,20,0,6
BRDA:64,21,0,14
BRDA:64,22,0,0
BRDA:64,23,0,18
BRDA:64,24,0,20
BRDA:64,25,0,20
BRDA:64,26,0,0
BRDA:64,27,0,41
BRDA:64,28,0,0
BRDA:64,29,0,0
BRDA:64,30,0,0
BRDA:64,31,0,0
BRDA:64,32,0,20
BRDA:64,33,0,20
BRDA:64,34,0,14
BRDA:64,35,0,0
BRDA:64,36,0,0
BRDA:64,37,0,7
BRDA:64,38,0,0
BRDA:64,39,0,3
BRDA:64,40,0,6
BRDA:64,41,0,1
BRDA:64,42,0,0
BRDA:64,43,0,1
BRDA:64,44,0,0
BRDA:64,45,0,0
BRDA:64,46,0,0
BRDA:64,47,0,21
BRDA:64,48,0,17
BRDA:64,49,0,4
BRDA:64,50,0,21
BRDA:64,51,0,6
BRDA:64,52,0,4
BRDA:64,53,0,2
BRDA:64,54,0,0
BRDA:64,55,0,1
BRDA:64,56,0,0
BRDA:18,57,0,1
BRDA:19,58,0,6
BRDA:27,59,0,6
BRDA:64,60,0,6
BRDA:64,61,0,21
BRDA:28,62,0,6
BRDA:64,63,0,6
BRDA:30,64,0,1
BRDA:32,65,0,5
BRDA:64,66,0,5
BRDA:36,67,0,1
BRDA:36,68,0,1
BRDA:38,69,0,4
BRDA:43,70,0,3
BRDA:43,71,0,1
BRDA:45,72,0,3
BRDA:47,73,0,2
BRDA:47,74,0,1
BRDA:47,75,0,2
BRDA:64,76,0,2
BRDA:53,77,0,1
BRDA:64,78,0,1
BRDA:60,79,0,2
BRF:80
BRH:60
end_of_record
TN:
SF:src\modules\users\services\UpdateUserAvatarService.ts
FN:52,Object.<anonymous>
FN:52,Object.<anonymous>.__decorate
FN:52,Object.<anonymous>.__metadata
FN:52,Object.<anonymous>.__param
FN:52,Object.<anonymous>.__awaiter
FN:52,adopt
FN:52,fulfilled
FN:52,rejected
FN:52,step
FN:52,Object.<anonymous>.__generator
FN:52,sent
FN:52,g.<computed>
FN:52,verb
FN:52,step
FN:52,Object.<anonymous>.__importDefault
FN:19,UpdateUserAvatarService
FN:29,Object.<anonymous>.UpdateUserAvatarService.execute
FNF:17
FNH:15
FNDA:1,Object.<anonymous>
FNDA:1,Object.<anonymous>.__decorate
FNDA:1,Object.<anonymous>.__metadata
FNDA:2,Object.<anonymous>.__param
FNDA:4,Object.<anonymous>.__awaiter
FNDA:11,adopt
FNDA:11,fulfilled
FNDA:0,rejected
FNDA:14,step
FNDA:4,Object.<anonymous>.__generator
FNDA:11,sent
FNDA:0,g.<computed>
FNDA:12,verb
FNDA:15,step
FNDA:1,Object.<anonymous>.__importDefault
FNDA:3,UpdateUserAvatarService
FNDA:4,Object.<anonymous>.UpdateUserAvatarService.execute
DA:1,1
DA:2,1
DA:3,1
DA:4,1
DA:5,1
DA:6,1
DA:7,1
DA:8,1
DA:9,1
DA:10,1
DA:11,1
DA:12,1
DA:13,1
DA:14,1
DA:15,1
DA:16,1
DA:17,1
DA:18,1
DA:19,1
DA:20,3
DA:21,3
DA:22,3
DA:23,3
DA:24,3
DA:25,3
DA:26,3
DA:27,3
DA:28,1
DA:29,1
DA:30,4
DA:31,4
DA:32,4
DA:33,4
DA:34,1
DA:35,1
DA:36,3
DA:37,3
DA:38,1
DA:39,4
DA:40,4
DA:41,4
DA:42,4
DA:43,4
DA:44,4
DA:45,4
DA:46,4
DA:47,4
DA:48,4
DA:49,4
DA:50,1
DA:51,1
DA:52,1
LF:52
LH:52
BRDA:52,0,0,1
BRDA:52,1,0,1
BRDA:52,2,0,1
BRDA:52,3,0,0
BRDA:52,4,0,0
BRDA:52,5,0,0
BRDA:52,6,0,0
BRDA:52,7,0,1
BRDA:52,8,0,2
BRDA:52,9,0,2
BRDA:52,10,0,4
BRDA:52,11,0,11
BRDA:52,12,0,0
BRDA:52,13,0,4
BRDA:52,14,0,11
BRDA:52,15,0,10
BRDA:52,16,0,1
BRDA:52,17,0,14
BRDA:52,18,0,3
BRDA:52,19,0,11
BRDA:52,20,0,4
BRDA:52,21,0,11
BRDA:52,22,0,0
BRDA:52,23,0,12
BRDA:52,24,0,15
BRDA:52,25,0,15
BRDA:52,26,0,0
BRDA:52,27,0,32
BRDA:52,28,0,0
BRDA:52,29,0,0
BRDA:52,30,0,0
BRDA:52,31,0,0
BRDA:52,32,0,15
BRDA:52,33,0,15
BRDA:52,34,0,11
BRDA:52,35,0,0
BRDA:52,36,0,0
BRDA:52,37,0,6
BRDA:52,38,0,0
BRDA:52,39,0,5
BRDA:52,40,0,4
BRDA:52,41,0,2
BRDA:52,42,0,0
BRDA:52,43,0,2
BRDA:52,44,0,0
BRDA:52,45,0,0
BRDA:52,46,0,0
BRDA:52,47,0,17
BRDA:52,48,0,16
BRDA:52,49,0,1
BRDA:52,50,0,17
BRDA:52,51,0,4
BRDA:52,52,0,1
BRDA:52,53,0,3
BRDA:52,54,0,0
BRDA:52,55,0,1
BRDA:52,56,0,0
BRDA:18,57,0,1
BRDA:19,58,0,3
BRDA:29,59,0,4
BRDA:52,60,0,4
BRDA:52,61,0,17
BRDA:31,62,0,4
BRDA:52,63,0,4
BRDA:33,64,0,1
BRDA:35,65,0,3
BRDA:37,66,0,2
BRDA:37,67,0,1
BRDA:52,68,0,1
BRDA:41,69,0,3
BRDA:52,70,0,3
BRDA:52,71,0,3
BRF:72
BRH:52
end_of_record
